<?xml version="1.0" encoding="UTF-8"?>
<!-- Generated by org.testng.reporters.JUnitReportReporter -->
<testsuite hostname="eshwars-MacBook-Air.local" failures="0" tests="3" name="com.qa.testScripts.FlipKartAddingtoCart" time="64.116" errors="0" timestamp="22 Jun 2021 11:02:05 GMT" skipped="0">
  <testcase classname="com.qa.testScripts.FlipKartAddingtoCart" name="cart" time="21.701"/>
  <testcase classname="com.qa.testScripts.FlipKartAddingtoCart" name="cart" time="21.381"/>
  <testcase classname="com.qa.testScripts.FlipKartAddingtoCart" name="cart" time="21.034"/>
</testsuite> <!-- com.qa.testScripts.FlipKartAddingtoCart -->
