<?xml version="1.0" encoding="UTF-8"?>
<testsuite xmlns:xsi="http://www.w3.org/2001/XMLSchema-instance" xsi:noNamespaceSchemaLocation="https://maven.apache.org/surefire/maven-surefire-plugin/xsd/surefire-test-report.xsd" name="TestSuite" time="15.825" tests="5" errors="0" skipped="4" failures="1">
  <properties>
    <property name="java.specification.version" value="16"/>
    <property name="sun.jnu.encoding" value="UTF-8"/>
    <property name="java.class.path" value="/Users/eshwarteja/eclipse-workspace/FlipkartApplicationProject/target/test-classes:/Users/eshwarteja/eclipse-workspace/FlipkartApplicationProject/target/classes:/Users/eshwarteja/.m2/repository/org/apache/tinkerpop/gremlin-driver/3.5.0/gremlin-driver-3.5.0.jar:/Users/eshwarteja/.m2/repository/org/apache/tinkerpop/gremlin-core/3.5.0/gremlin-core-3.5.0.jar:/Users/eshwarteja/.m2/repository/org/apache/tinkerpop/gremlin-shaded/3.5.0/gremlin-shaded-3.5.0.jar:/Users/eshwarteja/.m2/repository/org/apache/commons/commons-configuration2/2.7/commons-configuration2-2.7.jar:/Users/eshwarteja/.m2/repository/commons-beanutils/commons-beanutils/1.9.4/commons-beanutils-1.9.4.jar:/Users/eshwarteja/.m2/repository/org/apache/commons/commons-text/1.9/commons-text-1.9.jar:/Users/eshwarteja/.m2/repository/org/yaml/snakeyaml/1.27/snakeyaml-1.27.jar:/Users/eshwarteja/.m2/repository/org/javatuples/javatuples/1.2/javatuples-1.2.jar:/Users/eshwarteja/.m2/repository/com/carrotsearch/hppc/0.7.1/hppc-0.7.1.jar:/Users/eshwarteja/.m2/repository/com/jcabi/jcabi-manifests/1.1/jcabi-manifests-1.1.jar:/Users/eshwarteja/.m2/repository/com/jcabi/jcabi-log/0.14/jcabi-log-0.14.jar:/Users/eshwarteja/.m2/repository/com/squareup/javapoet/1.8.0/javapoet-1.8.0.jar:/Users/eshwarteja/.m2/repository/net/objecthunter/exp4j/0.4.8/exp4j-0.4.8.jar:/Users/eshwarteja/.m2/repository/org/slf4j/jcl-over-slf4j/1.7.25/jcl-over-slf4j-1.7.25.jar:/Users/eshwarteja/.m2/repository/io/netty/netty-all/4.1.61.Final/netty-all-4.1.61.Final.jar:/Users/eshwarteja/.m2/repository/org/apache/commons/commons-lang3/3.11/commons-lang3-3.11.jar:/Users/eshwarteja/.m2/repository/org/seleniumhq/selenium/selenium-java/3.141.59/selenium-java-3.141.59.jar:/Users/eshwarteja/.m2/repository/org/seleniumhq/selenium/selenium-api/3.141.59/selenium-api-3.141.59.jar:/Users/eshwarteja/.m2/repository/org/seleniumhq/selenium/selenium-chrome-driver/3.141.59/selenium-chrome-driver-3.141.59.jar:/Users/eshwarteja/.m2/repository/org/seleniumhq/selenium/selenium-edge-driver/3.141.59/selenium-edge-driver-3.141.59.jar:/Users/eshwarteja/.m2/repository/org/seleniumhq/selenium/selenium-firefox-driver/3.141.59/selenium-firefox-driver-3.141.59.jar:/Users/eshwarteja/.m2/repository/org/seleniumhq/selenium/selenium-ie-driver/3.141.59/selenium-ie-driver-3.141.59.jar:/Users/eshwarteja/.m2/repository/org/seleniumhq/selenium/selenium-opera-driver/3.141.59/selenium-opera-driver-3.141.59.jar:/Users/eshwarteja/.m2/repository/org/seleniumhq/selenium/selenium-remote-driver/3.141.59/selenium-remote-driver-3.141.59.jar:/Users/eshwarteja/.m2/repository/org/seleniumhq/selenium/selenium-safari-driver/3.141.59/selenium-safari-driver-3.141.59.jar:/Users/eshwarteja/.m2/repository/org/seleniumhq/selenium/selenium-support/3.141.59/selenium-support-3.141.59.jar:/Users/eshwarteja/.m2/repository/net/bytebuddy/byte-buddy/1.8.15/byte-buddy-1.8.15.jar:/Users/eshwarteja/.m2/repository/org/apache/commons/commons-exec/1.3/commons-exec-1.3.jar:/Users/eshwarteja/.m2/repository/com/google/guava/guava/25.0-jre/guava-25.0-jre.jar:/Users/eshwarteja/.m2/repository/com/google/code/findbugs/jsr305/1.3.9/jsr305-1.3.9.jar:/Users/eshwarteja/.m2/repository/org/checkerframework/checker-compat-qual/2.0.0/checker-compat-qual-2.0.0.jar:/Users/eshwarteja/.m2/repository/com/google/errorprone/error_prone_annotations/2.1.3/error_prone_annotations-2.1.3.jar:/Users/eshwarteja/.m2/repository/com/google/j2objc/j2objc-annotations/1.1/j2objc-annotations-1.1.jar:/Users/eshwarteja/.m2/repository/org/codehaus/mojo/animal-sniffer-annotations/1.14/animal-sniffer-annotations-1.14.jar:/Users/eshwarteja/.m2/repository/com/squareup/okhttp3/okhttp/3.11.0/okhttp-3.11.0.jar:/Users/eshwarteja/.m2/repository/com/squareup/okio/okio/1.14.0/okio-1.14.0.jar:/Users/eshwarteja/.m2/repository/org/apache/maven/maven-plugin-api/3.6.3/maven-plugin-api-3.6.3.jar:/Users/eshwarteja/.m2/repository/org/apache/maven/maven-model/3.6.3/maven-model-3.6.3.jar:/Users/eshwarteja/.m2/repository/org/apache/maven/maven-artifact/3.6.3/maven-artifact-3.6.3.jar:/Users/eshwarteja/.m2/repository/org/eclipse/sisu/org.eclipse.sisu.plexus/0.3.4/org.eclipse.sisu.plexus-0.3.4.jar:/Users/eshwarteja/.m2/repository/javax/enterprise/cdi-api/1.0/cdi-api-1.0.jar:/Users/eshwarteja/.m2/repository/javax/annotation/jsr250-api/1.0/jsr250-api-1.0.jar:/Users/eshwarteja/.m2/repository/javax/inject/javax.inject/1/javax.inject-1.jar:/Users/eshwarteja/.m2/repository/org/eclipse/sisu/org.eclipse.sisu.inject/0.3.4/org.eclipse.sisu.inject-0.3.4.jar:/Users/eshwarteja/.m2/repository/org/codehaus/plexus/plexus-component-annotations/1.5.5/plexus-component-annotations-1.5.5.jar:/Users/eshwarteja/.m2/repository/org/codehaus/plexus/plexus-utils/3.2.1/plexus-utils-3.2.1.jar:/Users/eshwarteja/.m2/repository/org/codehaus/plexus/plexus-classworlds/2.6.0/plexus-classworlds-2.6.0.jar:/Users/eshwarteja/.m2/repository/org/slf4j/slf4j-log4j12/1.7.25/slf4j-log4j12-1.7.25.jar:/Users/eshwarteja/.m2/repository/org/slf4j/slf4j-api/1.7.25/slf4j-api-1.7.25.jar:/Users/eshwarteja/.m2/repository/log4j/log4j/1.2.17/log4j-1.2.17.jar:/Users/eshwarteja/.m2/repository/org/apache/tinkerpop/gremlin-server/3.5.0/gremlin-server-3.5.0.jar:/Users/eshwarteja/.m2/repository/org/apache/tinkerpop/tinkergraph-gremlin/3.5.0/tinkergraph-gremlin-3.5.0.jar:/Users/eshwarteja/.m2/repository/org/apache/tinkerpop/gremlin-groovy/3.5.0/gremlin-groovy-3.5.0.jar:/Users/eshwarteja/.m2/repository/org/apache/ivy/ivy/2.4.0/ivy-2.4.0.jar:/Users/eshwarteja/.m2/repository/org/codehaus/groovy/groovy/2.5.14/groovy-2.5.14-indy.jar:/Users/eshwarteja/.m2/repository/org/codehaus/groovy/groovy-groovysh/2.5.14/groovy-groovysh-2.5.14-indy.jar:/Users/eshwarteja/.m2/repository/org/codehaus/groovy/groovy-cli-picocli/2.5.14/groovy-cli-picocli-2.5.14.jar:/Users/eshwarteja/.m2/repository/info/picocli/picocli/4.3.2/picocli-4.3.2.jar:/Users/eshwarteja/.m2/repository/org/codehaus/groovy/groovy-console/2.5.14/groovy-console-2.5.14.jar:/Users/eshwarteja/.m2/repository/org/codehaus/groovy/groovy-templates/2.5.14/groovy-templates-2.5.14.jar:/Users/eshwarteja/.m2/repository/org/codehaus/groovy/groovy-xml/2.5.14/groovy-xml-2.5.14.jar:/Users/eshwarteja/.m2/repository/org/codehaus/groovy/groovy-swing/2.5.14/groovy-swing-2.5.14.jar:/Users/eshwarteja/.m2/repository/jline/jline/2.14.6/jline-2.14.6.jar:/Users/eshwarteja/.m2/repository/org/codehaus/groovy/groovy-json/2.5.14/groovy-json-2.5.14-indy.jar:/Users/eshwarteja/.m2/repository/org/codehaus/groovy/groovy-jsr223/2.5.14/groovy-jsr223-2.5.14-indy.jar:/Users/eshwarteja/.m2/repository/org/mindrot/jbcrypt/0.4/jbcrypt-0.4.jar:/Users/eshwarteja/.m2/repository/com/github/ben-manes/caffeine/caffeine/2.3.1/caffeine-2.3.1.jar:/Users/eshwarteja/.m2/repository/commons-collections/commons-collections/3.2.2/commons-collections-3.2.2.jar:/Users/eshwarteja/.m2/repository/com/codahale/metrics/metrics-core/3.0.2/metrics-core-3.0.2.jar:/Users/eshwarteja/.m2/repository/junit/junit/4.12/junit-4.12.jar:/Users/eshwarteja/.m2/repository/org/hamcrest/hamcrest-core/1.3/hamcrest-core-1.3.jar:/Users/eshwarteja/.m2/repository/org/apache/poi/poi-ooxml/4.1.2/poi-ooxml-4.1.2.jar:/Users/eshwarteja/.m2/repository/org/apache/poi/poi/4.1.2/poi-4.1.2.jar:/Users/eshwarteja/.m2/repository/commons-codec/commons-codec/1.13/commons-codec-1.13.jar:/Users/eshwarteja/.m2/repository/org/apache/commons/commons-collections4/4.4/commons-collections4-4.4.jar:/Users/eshwarteja/.m2/repository/org/apache/commons/commons-math3/3.6.1/commons-math3-3.6.1.jar:/Users/eshwarteja/.m2/repository/com/zaxxer/SparseBitSet/1.2/SparseBitSet-1.2.jar:/Users/eshwarteja/.m2/repository/org/apache/poi/poi-ooxml-schemas/4.1.2/poi-ooxml-schemas-4.1.2.jar:/Users/eshwarteja/.m2/repository/org/apache/xmlbeans/xmlbeans/3.1.0/xmlbeans-3.1.0.jar:/Users/eshwarteja/.m2/repository/org/apache/commons/commons-compress/1.19/commons-compress-1.19.jar:/Users/eshwarteja/.m2/repository/com/github/virtuald/curvesapi/1.06/curvesapi-1.06.jar:/Users/eshwarteja/.m2/repository/com/aventstack/extentreports/4.0.6/extentreports-4.0.6.jar:/Users/eshwarteja/.m2/repository/org/freemarker/freemarker/2.3.23/freemarker-2.3.23.jar:/Users/eshwarteja/.m2/repository/org/mongodb/mongodb-driver/3.3.0/mongodb-driver-3.3.0.jar:/Users/eshwarteja/.m2/repository/org/mongodb/mongodb-driver-core/3.3.0/mongodb-driver-core-3.3.0.jar:/Users/eshwarteja/.m2/repository/org/mongodb/bson/3.3.0/bson-3.3.0.jar:/Users/eshwarteja/.m2/repository/org/apache/httpcomponents/httpclient/4.5.2/httpclient-4.5.2.jar:/Users/eshwarteja/.m2/repository/org/apache/httpcomponents/httpcore/4.4.4/httpcore-4.4.4.jar:/Users/eshwarteja/.m2/repository/commons-logging/commons-logging/1.2/commons-logging-1.2.jar:/Users/eshwarteja/.m2/repository/org/apache/httpcomponents/httpmime/4.5.2/httpmime-4.5.2.jar:/Users/eshwarteja/.m2/repository/com/google/code/gson/gson/2.8.5/gson-2.8.5.jar:/Users/eshwarteja/.m2/repository/commons-io/commons-io/2.9.0/commons-io-2.9.0.jar:/Users/eshwarteja/.m2/repository/ru/yandex/qatools/ashot/ashot/1.5.4/ashot-1.5.4.jar:/Users/eshwarteja/.m2/repository/org/testng/testng/6.14.3/testng-6.14.3.jar:/Users/eshwarteja/.m2/repository/com/beust/jcommander/1.72/jcommander-1.72.jar:/Users/eshwarteja/.m2/repository/org/apache-extras/beanshell/bsh/2.0b6/bsh-2.0b6.jar:"/>
    <property name="java.vm.vendor" value="Oracle Corporation"/>
    <property name="sun.arch.data.model" value="64"/>
    <property name="java.vendor.url" value="https://java.oracle.com/"/>
    <property name="os.name" value="Mac OS X"/>
    <property name="java.vm.specification.version" value="16"/>
    <property name="sun.java.launcher" value="SUN_STANDARD"/>
    <property name="user.country" value="GB"/>
    <property name="sun.boot.library.path" value="/Library/Java/JavaVirtualMachines/jdk-16.0.1.jdk/Contents/Home/lib"/>
    <property name="sun.java.command" value="/Users/eshwarteja/eclipse-workspace/FlipkartApplicationProject/target/surefire/surefirebooter17170825894294660719.jar /Users/eshwarteja/eclipse-workspace/FlipkartApplicationProject/target/surefire 2021-06-28T17-57-04_517-jvmRun1 surefire5408892169251180016tmp surefire_0574987841967941393tmp"/>
    <property name="http.nonProxyHosts" value="local|*.local|169.254/16|*.169.254/16"/>
    <property name="jdk.debug" value="release"/>
    <property name="surefire.test.class.path" value="/Users/eshwarteja/eclipse-workspace/FlipkartApplicationProject/target/test-classes:/Users/eshwarteja/eclipse-workspace/FlipkartApplicationProject/target/classes:/Users/eshwarteja/.m2/repository/org/apache/tinkerpop/gremlin-driver/3.5.0/gremlin-driver-3.5.0.jar:/Users/eshwarteja/.m2/repository/org/apache/tinkerpop/gremlin-core/3.5.0/gremlin-core-3.5.0.jar:/Users/eshwarteja/.m2/repository/org/apache/tinkerpop/gremlin-shaded/3.5.0/gremlin-shaded-3.5.0.jar:/Users/eshwarteja/.m2/repository/org/apache/commons/commons-configuration2/2.7/commons-configuration2-2.7.jar:/Users/eshwarteja/.m2/repository/commons-beanutils/commons-beanutils/1.9.4/commons-beanutils-1.9.4.jar:/Users/eshwarteja/.m2/repository/org/apache/commons/commons-text/1.9/commons-text-1.9.jar:/Users/eshwarteja/.m2/repository/org/yaml/snakeyaml/1.27/snakeyaml-1.27.jar:/Users/eshwarteja/.m2/repository/org/javatuples/javatuples/1.2/javatuples-1.2.jar:/Users/eshwarteja/.m2/repository/com/carrotsearch/hppc/0.7.1/hppc-0.7.1.jar:/Users/eshwarteja/.m2/repository/com/jcabi/jcabi-manifests/1.1/jcabi-manifests-1.1.jar:/Users/eshwarteja/.m2/repository/com/jcabi/jcabi-log/0.14/jcabi-log-0.14.jar:/Users/eshwarteja/.m2/repository/com/squareup/javapoet/1.8.0/javapoet-1.8.0.jar:/Users/eshwarteja/.m2/repository/net/objecthunter/exp4j/0.4.8/exp4j-0.4.8.jar:/Users/eshwarteja/.m2/repository/org/slf4j/jcl-over-slf4j/1.7.25/jcl-over-slf4j-1.7.25.jar:/Users/eshwarteja/.m2/repository/io/netty/netty-all/4.1.61.Final/netty-all-4.1.61.Final.jar:/Users/eshwarteja/.m2/repository/org/apache/commons/commons-lang3/3.11/commons-lang3-3.11.jar:/Users/eshwarteja/.m2/repository/org/seleniumhq/selenium/selenium-java/3.141.59/selenium-java-3.141.59.jar:/Users/eshwarteja/.m2/repository/org/seleniumhq/selenium/selenium-api/3.141.59/selenium-api-3.141.59.jar:/Users/eshwarteja/.m2/repository/org/seleniumhq/selenium/selenium-chrome-driver/3.141.59/selenium-chrome-driver-3.141.59.jar:/Users/eshwarteja/.m2/repository/org/seleniumhq/selenium/selenium-edge-driver/3.141.59/selenium-edge-driver-3.141.59.jar:/Users/eshwarteja/.m2/repository/org/seleniumhq/selenium/selenium-firefox-driver/3.141.59/selenium-firefox-driver-3.141.59.jar:/Users/eshwarteja/.m2/repository/org/seleniumhq/selenium/selenium-ie-driver/3.141.59/selenium-ie-driver-3.141.59.jar:/Users/eshwarteja/.m2/repository/org/seleniumhq/selenium/selenium-opera-driver/3.141.59/selenium-opera-driver-3.141.59.jar:/Users/eshwarteja/.m2/repository/org/seleniumhq/selenium/selenium-remote-driver/3.141.59/selenium-remote-driver-3.141.59.jar:/Users/eshwarteja/.m2/repository/org/seleniumhq/selenium/selenium-safari-driver/3.141.59/selenium-safari-driver-3.141.59.jar:/Users/eshwarteja/.m2/repository/org/seleniumhq/selenium/selenium-support/3.141.59/selenium-support-3.141.59.jar:/Users/eshwarteja/.m2/repository/net/bytebuddy/byte-buddy/1.8.15/byte-buddy-1.8.15.jar:/Users/eshwarteja/.m2/repository/org/apache/commons/commons-exec/1.3/commons-exec-1.3.jar:/Users/eshwarteja/.m2/repository/com/google/guava/guava/25.0-jre/guava-25.0-jre.jar:/Users/eshwarteja/.m2/repository/com/google/code/findbugs/jsr305/1.3.9/jsr305-1.3.9.jar:/Users/eshwarteja/.m2/repository/org/checkerframework/checker-compat-qual/2.0.0/checker-compat-qual-2.0.0.jar:/Users/eshwarteja/.m2/repository/com/google/errorprone/error_prone_annotations/2.1.3/error_prone_annotations-2.1.3.jar:/Users/eshwarteja/.m2/repository/com/google/j2objc/j2objc-annotations/1.1/j2objc-annotations-1.1.jar:/Users/eshwarteja/.m2/repository/org/codehaus/mojo/animal-sniffer-annotations/1.14/animal-sniffer-annotations-1.14.jar:/Users/eshwarteja/.m2/repository/com/squareup/okhttp3/okhttp/3.11.0/okhttp-3.11.0.jar:/Users/eshwarteja/.m2/repository/com/squareup/okio/okio/1.14.0/okio-1.14.0.jar:/Users/eshwarteja/.m2/repository/org/apache/maven/maven-plugin-api/3.6.3/maven-plugin-api-3.6.3.jar:/Users/eshwarteja/.m2/repository/org/apache/maven/maven-model/3.6.3/maven-model-3.6.3.jar:/Users/eshwarteja/.m2/repository/org/apache/maven/maven-artifact/3.6.3/maven-artifact-3.6.3.jar:/Users/eshwarteja/.m2/repository/org/eclipse/sisu/org.eclipse.sisu.plexus/0.3.4/org.eclipse.sisu.plexus-0.3.4.jar:/Users/eshwarteja/.m2/repository/javax/enterprise/cdi-api/1.0/cdi-api-1.0.jar:/Users/eshwarteja/.m2/repository/javax/annotation/jsr250-api/1.0/jsr250-api-1.0.jar:/Users/eshwarteja/.m2/repository/javax/inject/javax.inject/1/javax.inject-1.jar:/Users/eshwarteja/.m2/repository/org/eclipse/sisu/org.eclipse.sisu.inject/0.3.4/org.eclipse.sisu.inject-0.3.4.jar:/Users/eshwarteja/.m2/repository/org/codehaus/plexus/plexus-component-annotations/1.5.5/plexus-component-annotations-1.5.5.jar:/Users/eshwarteja/.m2/repository/org/codehaus/plexus/plexus-utils/3.2.1/plexus-utils-3.2.1.jar:/Users/eshwarteja/.m2/repository/org/codehaus/plexus/plexus-classworlds/2.6.0/plexus-classworlds-2.6.0.jar:/Users/eshwarteja/.m2/repository/org/slf4j/slf4j-log4j12/1.7.25/slf4j-log4j12-1.7.25.jar:/Users/eshwarteja/.m2/repository/org/slf4j/slf4j-api/1.7.25/slf4j-api-1.7.25.jar:/Users/eshwarteja/.m2/repository/log4j/log4j/1.2.17/log4j-1.2.17.jar:/Users/eshwarteja/.m2/repository/org/apache/tinkerpop/gremlin-server/3.5.0/gremlin-server-3.5.0.jar:/Users/eshwarteja/.m2/repository/org/apache/tinkerpop/tinkergraph-gremlin/3.5.0/tinkergraph-gremlin-3.5.0.jar:/Users/eshwarteja/.m2/repository/org/apache/tinkerpop/gremlin-groovy/3.5.0/gremlin-groovy-3.5.0.jar:/Users/eshwarteja/.m2/repository/org/apache/ivy/ivy/2.4.0/ivy-2.4.0.jar:/Users/eshwarteja/.m2/repository/org/codehaus/groovy/groovy/2.5.14/groovy-2.5.14-indy.jar:/Users/eshwarteja/.m2/repository/org/codehaus/groovy/groovy-groovysh/2.5.14/groovy-groovysh-2.5.14-indy.jar:/Users/eshwarteja/.m2/repository/org/codehaus/groovy/groovy-cli-picocli/2.5.14/groovy-cli-picocli-2.5.14.jar:/Users/eshwarteja/.m2/repository/info/picocli/picocli/4.3.2/picocli-4.3.2.jar:/Users/eshwarteja/.m2/repository/org/codehaus/groovy/groovy-console/2.5.14/groovy-console-2.5.14.jar:/Users/eshwarteja/.m2/repository/org/codehaus/groovy/groovy-templates/2.5.14/groovy-templates-2.5.14.jar:/Users/eshwarteja/.m2/repository/org/codehaus/groovy/groovy-xml/2.5.14/groovy-xml-2.5.14.jar:/Users/eshwarteja/.m2/repository/org/codehaus/groovy/groovy-swing/2.5.14/groovy-swing-2.5.14.jar:/Users/eshwarteja/.m2/repository/jline/jline/2.14.6/jline-2.14.6.jar:/Users/eshwarteja/.m2/repository/org/codehaus/groovy/groovy-json/2.5.14/groovy-json-2.5.14-indy.jar:/Users/eshwarteja/.m2/repository/org/codehaus/groovy/groovy-jsr223/2.5.14/groovy-jsr223-2.5.14-indy.jar:/Users/eshwarteja/.m2/repository/org/mindrot/jbcrypt/0.4/jbcrypt-0.4.jar:/Users/eshwarteja/.m2/repository/com/github/ben-manes/caffeine/caffeine/2.3.1/caffeine-2.3.1.jar:/Users/eshwarteja/.m2/repository/commons-collections/commons-collections/3.2.2/commons-collections-3.2.2.jar:/Users/eshwarteja/.m2/repository/com/codahale/metrics/metrics-core/3.0.2/metrics-core-3.0.2.jar:/Users/eshwarteja/.m2/repository/junit/junit/4.12/junit-4.12.jar:/Users/eshwarteja/.m2/repository/org/hamcrest/hamcrest-core/1.3/hamcrest-core-1.3.jar:/Users/eshwarteja/.m2/repository/org/apache/poi/poi-ooxml/4.1.2/poi-ooxml-4.1.2.jar:/Users/eshwarteja/.m2/repository/org/apache/poi/poi/4.1.2/poi-4.1.2.jar:/Users/eshwarteja/.m2/repository/commons-codec/commons-codec/1.13/commons-codec-1.13.jar:/Users/eshwarteja/.m2/repository/org/apache/commons/commons-collections4/4.4/commons-collections4-4.4.jar:/Users/eshwarteja/.m2/repository/org/apache/commons/commons-math3/3.6.1/commons-math3-3.6.1.jar:/Users/eshwarteja/.m2/repository/com/zaxxer/SparseBitSet/1.2/SparseBitSet-1.2.jar:/Users/eshwarteja/.m2/repository/org/apache/poi/poi-ooxml-schemas/4.1.2/poi-ooxml-schemas-4.1.2.jar:/Users/eshwarteja/.m2/repository/org/apache/xmlbeans/xmlbeans/3.1.0/xmlbeans-3.1.0.jar:/Users/eshwarteja/.m2/repository/org/apache/commons/commons-compress/1.19/commons-compress-1.19.jar:/Users/eshwarteja/.m2/repository/com/github/virtuald/curvesapi/1.06/curvesapi-1.06.jar:/Users/eshwarteja/.m2/repository/com/aventstack/extentreports/4.0.6/extentreports-4.0.6.jar:/Users/eshwarteja/.m2/repository/org/freemarker/freemarker/2.3.23/freemarker-2.3.23.jar:/Users/eshwarteja/.m2/repository/org/mongodb/mongodb-driver/3.3.0/mongodb-driver-3.3.0.jar:/Users/eshwarteja/.m2/repository/org/mongodb/mongodb-driver-core/3.3.0/mongodb-driver-core-3.3.0.jar:/Users/eshwarteja/.m2/repository/org/mongodb/bson/3.3.0/bson-3.3.0.jar:/Users/eshwarteja/.m2/repository/org/apache/httpcomponents/httpclient/4.5.2/httpclient-4.5.2.jar:/Users/eshwarteja/.m2/repository/org/apache/httpcomponents/httpcore/4.4.4/httpcore-4.4.4.jar:/Users/eshwarteja/.m2/repository/commons-logging/commons-logging/1.2/commons-logging-1.2.jar:/Users/eshwarteja/.m2/repository/org/apache/httpcomponents/httpmime/4.5.2/httpmime-4.5.2.jar:/Users/eshwarteja/.m2/repository/com/google/code/gson/gson/2.8.5/gson-2.8.5.jar:/Users/eshwarteja/.m2/repository/commons-io/commons-io/2.9.0/commons-io-2.9.0.jar:/Users/eshwarteja/.m2/repository/ru/yandex/qatools/ashot/ashot/1.5.4/ashot-1.5.4.jar:/Users/eshwarteja/.m2/repository/org/testng/testng/6.14.3/testng-6.14.3.jar:/Users/eshwarteja/.m2/repository/com/beust/jcommander/1.72/jcommander-1.72.jar:/Users/eshwarteja/.m2/repository/org/apache-extras/beanshell/bsh/2.0b6/bsh-2.0b6.jar:"/>
    <property name="sun.cpu.endian" value="little"/>
    <property name="user.home" value="/Users/eshwarteja"/>
    <property name="user.language" value="en"/>
    <property name="java.specification.vendor" value="Oracle Corporation"/>
    <property name="java.version.date" value="2021-04-20"/>
    <property name="java.home" value="/Library/Java/JavaVirtualMachines/jdk-16.0.1.jdk/Contents/Home"/>
    <property name="file.separator" value="/"/>
    <property name="basedir" value="/Users/eshwarteja/eclipse-workspace/FlipkartApplicationProject"/>
    <property name="java.vm.compressedOopsMode" value="Zero based"/>
    <property name="line.separator" value="&#10;"/>
    <property name="java.specification.name" value="Java Platform API Specification"/>
    <property name="java.vm.specification.vendor" value="Oracle Corporation"/>
    <property name="surefire.real.class.path" value="/Users/eshwarteja/eclipse-workspace/FlipkartApplicationProject/target/surefire/surefirebooter17170825894294660719.jar"/>
    <property name="sun.management.compiler" value="HotSpot 64-Bit Tiered Compilers"/>
    <property name="ftp.nonProxyHosts" value="local|*.local|169.254/16|*.169.254/16"/>
    <property name="java.runtime.version" value="16.0.1+9-24"/>
    <property name="user.name" value="eshwarteja"/>
    <property name="path.separator" value=":"/>
    <property name="os.version" value="11.4"/>
    <property name="java.runtime.name" value="Java(TM) SE Runtime Environment"/>
    <property name="file.encoding" value="UTF-8"/>
    <property name="java.vm.name" value="Java HotSpot(TM) 64-Bit Server VM"/>
    <property name="localRepository" value="/Users/eshwarteja/.m2/repository"/>
    <property name="java.vendor.url.bug" value="https://bugreport.java.com/bugreport/"/>
    <property name="java.io.tmpdir" value="/var/folders/g7/cjdvk8190d37725tdw7vnrkh0000gn/T/"/>
    <property name="java.version" value="16.0.1"/>
    <property name="user.dir" value="/Users/eshwarteja/eclipse-workspace/FlipkartApplicationProject"/>
    <property name="os.arch" value="x86_64"/>
    <property name="java.vm.specification.name" value="Java Virtual Machine Specification"/>
    <property name="java.library.path" value="/Users/eshwarteja/Library/Java/Extensions:/Library/Java/Extensions:/Network/Library/Java/Extensions:/System/Library/Java/Extensions:/usr/lib/java:."/>
    <property name="java.vm.info" value="mixed mode, sharing"/>
    <property name="java.vendor" value="Oracle Corporation"/>
    <property name="java.vm.version" value="16.0.1+9-24"/>
    <property name="sun.io.unicode.encoding" value="UnicodeBig"/>
    <property name="socksNonProxyHosts" value="local|*.local|169.254/16|*.169.254/16"/>
    <property name="java.class.version" value="60.0"/>
  </properties>
  <testcase name="setUp" classname="com.qa.testScripts.FlipKartAddingtoCart" time="8.856">
    <failure message="no such window: target window already closed&#10;from unknown error: web view not found&#10;  (Session info: chrome=91.0.4472.114)&#10;Build info: version: &apos;3.141.59&apos;, revision: &apos;e82be7d358&apos;, time: &apos;2018-11-14T08:17:03&apos;&#10;System info: host: &apos;eshwars-MacBook-Air.local&apos;, ip: &apos;2405:201:c01f:5a2e:c54:6ba1:9d35:209f%en0&apos;, os.name: &apos;Mac OS X&apos;, os.arch: &apos;x86_64&apos;, os.version: &apos;11.4&apos;, java.version: &apos;16.0.1&apos;&#10;Driver info: org.openqa.selenium.chrome.ChromeDriver&#10;Capabilities {acceptInsecureCerts: false, browserName: chrome, browserVersion: 91.0.4472.114, chrome: {chromedriverVersion: 91.0.4472.19 (1bf021f248676..., userDataDir: /var/folders/g7/cjdvk8190d3...}, goog:chromeOptions: {debuggerAddress: localhost:52965}, javascriptEnabled: true, networkConnectionEnabled: false, pageLoadStrategy: normal, platform: MAC, platformName: MAC, proxy: Proxy(), setWindowRect: true, strictFileInteractability: false, timeouts: {implicit: 0, pageLoad: 300000, script: 30000}, unhandledPromptBehavior: dismiss and notify, webauthn:extension:largeBlob: true, webauthn:virtualAuthenticators: true}&#10;Session ID: 7e5505b036f2e53c10fd8f7b4dfcf719&#10;*** Element info: {Using=xpath, value=/html/body/div[2]/div/div/div/div/div[2]/div/form/div[2]/input}" type="org.openqa.selenium.NoSuchWindowException">org.openqa.selenium.NoSuchWindowException: 
no such window: target window already closed
from unknown error: web view not found
  (Session info: chrome=91.0.4472.114)
Build info: version: '3.141.59', revision: 'e82be7d358', time: '2018-11-14T08:17:03'
System info: host: 'eshwars-MacBook-Air.local', ip: '2405:201:c01f:5a2e:c54:6ba1:9d35:209f%en0', os.name: 'Mac OS X', os.arch: 'x86_64', os.version: '11.4', java.version: '16.0.1'
Driver info: org.openqa.selenium.chrome.ChromeDriver
Capabilities {acceptInsecureCerts: false, browserName: chrome, browserVersion: 91.0.4472.114, chrome: {chromedriverVersion: 91.0.4472.19 (1bf021f248676..., userDataDir: /var/folders/g7/cjdvk8190d3...}, goog:chromeOptions: {debuggerAddress: localhost:52965}, javascriptEnabled: true, networkConnectionEnabled: false, pageLoadStrategy: normal, platform: MAC, platformName: MAC, proxy: Proxy(), setWindowRect: true, strictFileInteractability: false, timeouts: {implicit: 0, pageLoad: 300000, script: 30000}, unhandledPromptBehavior: dismiss and notify, webauthn:extension:largeBlob: true, webauthn:virtualAuthenticators: true}
Session ID: 7e5505b036f2e53c10fd8f7b4dfcf719
*** Element info: {Using=xpath, value=/html/body/div[2]/div/div/div/div/div[2]/div/form/div[2]/input}
</failure>
    <system-err><![CDATA[Starting ChromeDriver 91.0.4472.19 (1bf021f248676a0b2ab3ee0561d83a59e424c23e-refs/branch-heads/4472@{#288}) on port 20297
Only local connections are allowed.
Please see https://chromedriver.chromium.org/security-considerations for suggestions on keeping ChromeDriver safe.
ChromeDriver was started successfully.
Jun 28, 2021 5:57:09 PM org.openqa.selenium.remote.ProtocolHandshake createSession
INFO: Detected dialect: W3C
]]></system-err>
  </testcase>
  <testcase name="cart" classname="com.qa.testScripts.FlipKartAddingtoCart" time="0">
    <skipped message="no such window: target window already closed&#10;from unknown error: web view not found&#10;  (Session info: chrome=91.0.4472.114)&#10;Build info: version: &apos;3.141.59&apos;, revision: &apos;e82be7d358&apos;, time: &apos;2018-11-14T08:17:03&apos;&#10;System info: host: &apos;eshwars-MacBook-Air.local&apos;, ip: &apos;2405:201:c01f:5a2e:c54:6ba1:9d35:209f%en0&apos;, os.name: &apos;Mac OS X&apos;, os.arch: &apos;x86_64&apos;, os.version: &apos;11.4&apos;, java.version: &apos;16.0.1&apos;&#10;Driver info: org.openqa.selenium.chrome.ChromeDriver&#10;Capabilities {acceptInsecureCerts: false, browserName: chrome, browserVersion: 91.0.4472.114, chrome: {chromedriverVersion: 91.0.4472.19 (1bf021f248676..., userDataDir: /var/folders/g7/cjdvk8190d3...}, goog:chromeOptions: {debuggerAddress: localhost:52965}, javascriptEnabled: true, networkConnectionEnabled: false, pageLoadStrategy: normal, platform: MAC, platformName: MAC, proxy: Proxy(), setWindowRect: true, strictFileInteractability: false, timeouts: {implicit: 0, pageLoad: 300000, script: 30000}, unhandledPromptBehavior: dismiss and notify, webauthn:extension:largeBlob: true, webauthn:virtualAuthenticators: true}&#10;Session ID: 7e5505b036f2e53c10fd8f7b4dfcf719&#10;*** Element info: {Using=xpath, value=/html/body/div[2]/div/div/div/div/div[2]/div/form/div[2]/input}"/>
  </testcase>
  <testcase name="cart" classname="com.qa.testScripts.FlipKartAddingtoCart" time="0">
    <skipped message="no such window: target window already closed&#10;from unknown error: web view not found&#10;  (Session info: chrome=91.0.4472.114)&#10;Build info: version: &apos;3.141.59&apos;, revision: &apos;e82be7d358&apos;, time: &apos;2018-11-14T08:17:03&apos;&#10;System info: host: &apos;eshwars-MacBook-Air.local&apos;, ip: &apos;2405:201:c01f:5a2e:c54:6ba1:9d35:209f%en0&apos;, os.name: &apos;Mac OS X&apos;, os.arch: &apos;x86_64&apos;, os.version: &apos;11.4&apos;, java.version: &apos;16.0.1&apos;&#10;Driver info: org.openqa.selenium.chrome.ChromeDriver&#10;Capabilities {acceptInsecureCerts: false, browserName: chrome, browserVersion: 91.0.4472.114, chrome: {chromedriverVersion: 91.0.4472.19 (1bf021f248676..., userDataDir: /var/folders/g7/cjdvk8190d3...}, goog:chromeOptions: {debuggerAddress: localhost:52965}, javascriptEnabled: true, networkConnectionEnabled: false, pageLoadStrategy: normal, platform: MAC, platformName: MAC, proxy: Proxy(), setWindowRect: true, strictFileInteractability: false, timeouts: {implicit: 0, pageLoad: 300000, script: 30000}, unhandledPromptBehavior: dismiss and notify, webauthn:extension:largeBlob: true, webauthn:virtualAuthenticators: true}&#10;Session ID: 7e5505b036f2e53c10fd8f7b4dfcf719&#10;*** Element info: {Using=xpath, value=/html/body/div[2]/div/div/div/div/div[2]/div/form/div[2]/input}"/>
  </testcase>
  <testcase name="cart" classname="com.qa.testScripts.FlipKartAddingtoCart" time="0">
    <skipped message="no such window: target window already closed&#10;from unknown error: web view not found&#10;  (Session info: chrome=91.0.4472.114)&#10;Build info: version: &apos;3.141.59&apos;, revision: &apos;e82be7d358&apos;, time: &apos;2018-11-14T08:17:03&apos;&#10;System info: host: &apos;eshwars-MacBook-Air.local&apos;, ip: &apos;2405:201:c01f:5a2e:c54:6ba1:9d35:209f%en0&apos;, os.name: &apos;Mac OS X&apos;, os.arch: &apos;x86_64&apos;, os.version: &apos;11.4&apos;, java.version: &apos;16.0.1&apos;&#10;Driver info: org.openqa.selenium.chrome.ChromeDriver&#10;Capabilities {acceptInsecureCerts: false, browserName: chrome, browserVersion: 91.0.4472.114, chrome: {chromedriverVersion: 91.0.4472.19 (1bf021f248676..., userDataDir: /var/folders/g7/cjdvk8190d3...}, goog:chromeOptions: {debuggerAddress: localhost:52965}, javascriptEnabled: true, networkConnectionEnabled: false, pageLoadStrategy: normal, platform: MAC, platformName: MAC, proxy: Proxy(), setWindowRect: true, strictFileInteractability: false, timeouts: {implicit: 0, pageLoad: 300000, script: 30000}, unhandledPromptBehavior: dismiss and notify, webauthn:extension:largeBlob: true, webauthn:virtualAuthenticators: true}&#10;Session ID: 7e5505b036f2e53c10fd8f7b4dfcf719&#10;*** Element info: {Using=xpath, value=/html/body/div[2]/div/div/div/div/div[2]/div/form/div[2]/input}"/>
  </testcase>
  <testcase name="tearDown" classname="com.qa.testScripts.FlipKartAddingtoCart" time="0">
    <skipped/>
  </testcase>
</testsuite>